2025-11-03 08:27:43,185 - root - INFO - Log file cleanup finished.
2025-11-03 08:27:43,186 - root - INFO - API request: http://final-project.simulative.ru/data | params={'date': '2025-11-02'}
2025-11-03 08:27:47,227 - root - INFO - API response: status=200, content-type=text/html; charset=utf-8
2025-11-03 08:27:47,278 - root - INFO - DataFrame shape: (9541, 8)
2025-11-03 08:27:47,399 - root - INFO - Подключение к базе данных установлено.
2025-11-03 08:27:47,400 - root - ERROR - Ошибка при выполнении запроса: not all arguments converted during string formatting
2025-11-03 08:27:47,400 - root - ERROR - Ошибка при выполнении запроса: string index out of range
2025-11-03 08:27:47,400 - root - ERROR - Ошибка при выполнении запроса: not all arguments converted during string formatting
2025-11-03 08:27:47,401 - root - ERROR - Ошибка при выполнении запроса: invalid input syntax for type integer: "n"
LINE 4: VALUES ('q', 'u', 'a', 'n', 't', 'i', 't', 'y')
                               ^

2025-11-03 08:27:47,401 - root - ERROR - Ошибка при выполнении запроса: not all arguments converted during string formatting
2025-11-03 08:27:47,401 - root - ERROR - Ошибка при выполнении запроса: not all arguments converted during string formatting
2025-11-03 08:27:47,401 - root - ERROR - Ошибка при выполнении запроса: not all arguments converted during string formatting
2025-11-03 08:27:47,402 - root - ERROR - Ошибка при выполнении запроса: not all arguments converted during string formatting
2025-11-03 08:27:47,402 - root - INFO - Подключение к базе данных закрыто.
2025-11-03 08:27:47,402 - root - INFO - В БД успешно загружено 9541 строк.
2025-11-03 08:34:14,011 - root - INFO - Log file cleanup finished.
2025-11-03 08:34:14,011 - root - INFO - API request: http://final-project.simulative.ru/data | params={'date': '2025-11-02'}
2025-11-03 08:34:14,933 - root - INFO - API response: status=200, content-type=text/html; charset=utf-8
2025-11-03 08:34:14,954 - root - INFO - DataFrame shape: (4378, 8)
2025-11-03 08:34:14,991 - root - INFO - Подключение к базе данных установлено.
2025-11-03 08:34:14,991 - root - ERROR - Ошибка при выполнении запроса: not all arguments converted during string formatting
2025-11-03 08:34:14,991 - root - ERROR - Ошибка при выполнении запроса: string index out of range
2025-11-03 08:34:14,991 - root - ERROR - Ошибка при выполнении запроса: not all arguments converted during string formatting
2025-11-03 08:34:14,991 - root - ERROR - Ошибка при выполнении запроса: invalid input syntax for type integer: "n"
LINE 4: VALUES ('q', 'u', 'a', 'n', 't', 'i', 't', 'y')
                               ^

2025-11-03 08:34:14,991 - root - ERROR - Ошибка при выполнении запроса: not all arguments converted during string formatting
2025-11-03 08:34:14,991 - root - ERROR - Ошибка при выполнении запроса: not all arguments converted during string formatting
2025-11-03 08:34:14,991 - root - ERROR - Ошибка при выполнении запроса: not all arguments converted during string formatting
2025-11-03 08:34:14,991 - root - ERROR - Ошибка при выполнении запроса: not all arguments converted during string formatting
2025-11-03 08:34:14,992 - root - INFO - Подключение к базе данных закрыто.
2025-11-03 08:34:14,992 - root - INFO - В БД успешно загружено 4378 строк.
2025-11-03 08:41:47,661 - root - INFO - Log file cleanup finished.
2025-11-03 08:41:47,661 - root - INFO - API request: http://final-project.simulative.ru/data | params={'date': '2025-11-02'}
2025-11-03 08:41:48,822 - root - INFO - API response: status=200, content-type=text/html; charset=utf-8
2025-11-03 08:41:48,912 - root - INFO - DataFrame shape: (8872, 8)
2025-11-03 08:41:48,946 - root - INFO - Подключение к базе данных установлено.
2025-11-03 08:41:48,946 - root - INFO - Подключение к базе данных закрыто.
2025-11-03 08:41:48,946 - root - ERROR - Ошибка при вставке данных: 'PGDataBase' object has no attribute 'post_many'
2025-11-03 08:42:20,264 - root - INFO - Log file cleanup finished.
2025-11-03 08:42:20,264 - root - INFO - API request: http://final-project.simulative.ru/data | params={'date': '2025-11-02'}
2025-11-03 08:42:21,421 - root - INFO - API response: status=200, content-type=text/html; charset=utf-8
2025-11-03 08:42:21,441 - root - INFO - DataFrame shape: (7074, 8)
2025-11-03 08:42:21,481 - root - INFO - Подключение к базе данных установлено.
2025-11-03 08:42:21,482 - root - INFO - Подключение к базе данных закрыто.
2025-11-03 08:42:21,482 - root - ERROR - Ошибка при вставке данных: 'PGDataBase' object has no attribute 'post_many'
2025-11-03 08:43:46,478 - root - INFO - Log file cleanup finished.
2025-11-03 08:43:46,479 - root - INFO - API request: http://final-project.simulative.ru/data | params={'date': '2025-11-02'}
2025-11-03 08:43:49,765 - root - INFO - API response: status=200, content-type=text/html; charset=utf-8
2025-11-03 08:43:49,798 - root - INFO - DataFrame shape: (4334, 8)
2025-11-03 08:43:49,839 - root - INFO - Подключение к базе данных установлено.
2025-11-03 08:43:49,840 - root - INFO - Подключение к базе данных закрыто.
2025-11-03 08:43:49,840 - root - ERROR - Ошибка при вставке данных: 'PGDataBase' object has no attribute 'post_many'
2025-11-03 08:45:37,755 - root - INFO - Log file cleanup finished.
2025-11-03 08:45:37,756 - root - INFO - API request: http://final-project.simulative.ru/data | params={'date': '2025-11-02'}
2025-11-03 08:45:38,846 - root - INFO - API response: status=200, content-type=text/html; charset=utf-8
2025-11-03 08:45:38,870 - root - INFO - DataFrame shape: (2963, 8)
2025-11-03 08:45:38,922 - root - INFO - Подключение к базе данных установлено.
2025-11-03 08:45:39,052 - root - INFO - Подключение к базе данных закрыто.
2025-11-03 08:45:39,052 - root - INFO - В БД успешно загружено 2963 строк.
2025-11-03 08:55:25,880 - root - INFO - Log file cleanup finished.
2025-11-03 08:55:25,881 - root - INFO - API request: http://final-project.simulative.ru/data | params={'date': '2025-11-02'}
2025-11-03 08:55:27,872 - root - INFO - API response: status=200, content-type=text/html; charset=utf-8
2025-11-03 08:55:27,907 - root - INFO - DataFrame shape: (7317, 8)
2025-11-03 08:55:27,949 - root - INFO - Подключение к базе данных установлено.
2025-11-03 08:55:28,217 - root - INFO - Подключение к базе данных закрыто.
2025-11-03 08:55:28,217 - root - INFO - В БД успешно загружено 7317 строк.
2025-11-03 15:48:08,339 - root - INFO - Log file cleanup finished.
2025-11-03 15:48:08,340 - root - INFO - API request: http://final-project.simulative.ru/data | params={'date': '2025-11-02'}
2025-11-03 15:48:09,611 - root - INFO - API response: status=200, content-type=text/html; charset=utf-8
2025-11-03 15:48:09,643 - root - INFO - DataFrame shape: (8807, 8)
2025-11-03 15:48:09,795 - root - INFO - Подключение к базе данных установлено.
2025-11-03 15:48:10,197 - root - INFO - Подключение к базе данных закрыто.
2025-11-03 15:48:10,198 - root - INFO - В БД успешно загружено 8807 строк.
